<?xml version="1.0" encoding="UTF-8"?>
<testsuite name="src.HelloWorldTest" tests="1" skipped="0" failures="0" errors="0" timestamp="2014-10-28T21:16:01" hostname="i-d8dcceb3" time="0.003">
  <properties/>
  <testcase name="greetResultsInHello" classname="src.HelloWorldTest" time="0.003"/>
  <system-out><![CDATA[]]></system-out>
  <system-err><![CDATA[]]></system-err>
</testsuite>
